<?xml version='1.0' encoding='UTF-8'?>
<testsuite hostname="DESKTOP-GCD5HVR" name="Testing" tests="1" errors="0" failures="0" skipped="0" time="0.102" timestamp="2021-01-18T15:17:24">
                     <properties>
[...]
</properties>
                     <testcase classname="Testing" name="Should return true if password is valid" time="0.102">
                                                 
                                               </testcase>
                     <system-out><![CDATA[]]></system-out>
                     <system-err><![CDATA[]]></system-err>
                   </testsuite>